------------------------------------------------------------------------------------------------------------------
      name:  <unnamed>
       log:  D:\GitHub\2022-vtuber\data02_processed/log_ols_general.log
  log type:  text
 opened on:  11 Jul 2022, 23:18:31

. 
. esttab model*, star(* 0.10 ** 0.05 *** 0.01) se(%7.2f) nobase l

------------------------------------------------------------------------------------
                              (1)             (2)             (3)             (4)   
                            Views           Views           Views           Views   
------------------------------------------------------------------------------------
Days since debut v~o       -18.50          -21.94          -23.20          -9.816   
                          (18.37)         (18.31)         (17.77)         (14.89)   

Days since debut v~)      -0.0124        -0.00224          0.0157       -0.000780   
                           (0.02)          (0.02)          (0.02)          (0.01)   

Debut video (dummy~1     176435.3***     176015.8***     170177.3***     171567.8***
                       (45617.83)      (45362.43)      (42472.96)      (44275.40)   

Female (dummy)=1                          25800.4***                       1107.1   
                                        (1564.70)                        (707.50)   

MAHA5                                                    -59165.2***     -89656.2** 
                                                        (5492.92)      (43933.69)   

NIJISANJI ID                                             -72472.0***     -24038.2***
                                                        (4428.16)       (1960.37)   

Alia Adelia【MAHA5】                                                     197566.9***
                                                                         (707.50)   

Amicia Michella【~ん                                                      -1288.3***
                                                                         (371.19)   

Andi Adinata【MA~5】                                                     237154.0***
                                                                           (0.03)   

Anya Melfissa.. ho~D                                                     -11044.0** 
                                                                        (5389.29)   

Ayunda Risu Ch. ho~D                                                      31365.8*  
                                                                       (16639.64)   

Azura Cecillia Ch.                                                        -7421.3** 
                                                                        (3133.29)   

Bonnivier Pranaja ~                                                        4017.7***
                                                                        (1416.44)   

Derem Kado 【にじ~】                                                      -4807.8***
                                                                        (1654.40)   

Etna Crimson【NIJ~】                                                      -5513.6***
                                                                         (881.09)   

Hana Macchia ..【~】                                                      14880.8***
                                                                        (5619.29)   

Hyona Elatiora【N~じ                                                      -3759.8***
                                                                        (1364.47)   

Kaela Kovalsk.. ho~D                                                       9782.4** 
                                                                        (4566.40)   

Kevin Vangardo【~5】                                                      59441.0   
                                                                       (44066.42)   

Kobo Kanaeru .. ho~D                                                     111317.7***
                                                                        (3714.29)   

Kureiji Ollie.. ho~D                                                      44992.9***
                                                                        (3925.16)   

Layla Alstroemeri~に                                                      -4516.9** 
                                                                        (1916.09)   

Lumi Celestia【M~5】                                                      77166.4*  
                                                                       (43918.25)   

Mika Melatika【NI~】                                                       2247.8   
                                                                        (3557.71)   

Miyu Ottavia 【NI~】                                                       -492.7   
                                                                         (780.20)   

Moona Hoshinova ho~D                                                      34453.8***
                                                                       (10643.20)   

NANARIKA Channel                                                          51802.4   
                                                                       (43818.23)   

Nagisa Arcinia【N~】                                                      -6585.7***
                                                                         (854.58)   

Nara Haramaung【 ~ん                                                      -3591.5***
                                                                         (435.69)   

Nia Redalion【MA~5】                                                      64359.1   
                                                                       (44074.79)   

Pavolia Reine.. ho~D                                                       9449.8***
                                                                        (3448.37)   

Rai Galilei【NIJI~】                                                      -1996.6** 
                                                                         (858.91)   

Rena Anggraeni【~5】                                                      61954.6   
                                                                       (44054.82)   

Reza Avanluna 【N~じ                                                      -4749.5***
                                                                         (902.82)   

Riksa Dhirendra【~】                                                      -6150.5** 
                                                                        (2602.81)   

Siska Leontyne 【~ん                                                       -63.63   
                                                                         (739.17)   

Taka Radjiman【NI~】                                                            0   
                                                                              (.)   

Vestia Zeta Ch. ho~D                                                      97772.1** 
                                                                       (45081.98)   

Xia Ekavira【NIJI~】                                                     -12907.1***
                                                                        (3207.28)   

ZEA Cornelia【NIJ~】                                                            0   
                                                                              (.)   

Zen Gunawan【MAHA5】                                                            0   
                                                                              (.)   

Fall Guys                                                                 -8469.6***
                                                                        (2666.81)   

Freetalk                                                                  -1371.3   
                                                                        (3093.47)   

Genshin/Honkai                                                             -113.1   
                                                                        (1508.60)   

Karaoke                                                                    4652.2*  
                                                                        (2708.84)   

Minecraft                                                                 17227.1***
                                                                        (6662.55)   

Music                                                                    149167.2***
                                                                       (55954.48)   

Others                                                                     6359.0** 
                                                                        (2556.26)   

Phasmo                                                                     4441.4   
                                                                        (5369.09)   

Valorant                                                                  -2969.1*  
                                                                        (1730.50)   

Alia Adelia【MAHA5~s                                                            0   
                                                                              (.)   

Alia Adelia【MAHA5~k                                                            0   
                                                                              (.)   

Alia Adelia【MAHA5~n                                                            0   
                                                                              (.)   

Alia Adelia【MAHA5~e                                                            0   
                                                                              (.)   

Alia Adelia【MAHA5~t                                                            0   
                                                                              (.)   

Alia Adelia【MAHA5~c                                                            0   
                                                                              (.)   

Alia Adelia【MAHA5~s                                                            0   
                                                                              (.)   

Alia Adelia【MAHA5~o                                                            0   
                                                                              (.)   

Alia Adelia【MAHA5~t                                                            0   
                                                                              (.)   

Amicia Michella【~ん                                                       8255.7***
                                                                        (2640.27)   

Amicia Michella【~ん                                                        587.5   
                                                                        (3051.68)   

Amicia Michella【~ん                                                       -921.2   
                                                                        (1492.00)   

Amicia Michella【~ん                                                            0   
                                                                              (.)   

Amicia Michella【~ん                                                     -16712.7** 
                                                                        (6681.26)   

Amicia Michella【~ん                                                     -88371.1   
                                                                       (61460.65)   

Amicia Michella【~ん                                                      -5844.6** 
                                                                        (2911.89)   

Amicia Michella【~ん                                                      -1479.7   
                                                                        (5457.08)   

Amicia Michella【~ん                                                            0   
                                                                              (.)   

Andi Adinata【MAHA~s                                                            0   
                                                                              (.)   

Andi Adinata【MAHA~k                                                            0   
                                                                              (.)   

Andi Adinata【MAHA~o                                                            0   
                                                                              (.)   

Andi Adinata【MAHA~e                                                            0   
                                                                              (.)   

Andi Adinata【MAHA~t                                                            0   
                                                                              (.)   

Andi Adinata【MAHA~c                                                            0   
                                                                              (.)   

Andi Adinata【MAHA~s                                                            0   
                                                                              (.)   

Andi Adinata【MAHA~o                                                            0   
                                                                              (.)   

Andi Adinata【MAHA~t                                                            0   
                                                                              (.)   

Anya Melfissa.. ho~s                                                      20971.3***
                                                                        (5744.43)   

Anya Melfissa.. ho~k                                                       4565.5   
                                                                        (6580.78)   

Anya Melfissa.. ho~i                                                            0   
                                                                              (.)   

Anya Melfissa.. ho~e                                                       6541.8   
                                                                        (5931.19)   

Anya Melfissa.. ho~t                                                       2845.5   
                                                                       (12699.78)   

Anya Melfissa.. ho~c                                                     159330.8   
                                                                        (1.2e+05)   

Anya Melfissa.. ho~s                                                       4361.2   
                                                                        (6050.94)   

Anya Melfissa.. ho~o                                                            0   
                                                                              (.)   

Anya Melfissa.. ho~t                                                            0   
                                                                              (.)   

Ayunda Risu Ch. ho~s                                                     -23163.8   
                                                                       (17364.14)   

Ayunda Risu Ch. ho~k                                                     -21024.5   
                                                                       (17194.16)   

Ayunda Risu Ch. ho~i                                                            0   
                                                                              (.)   

Ayunda Risu Ch. ho~e                                                       6558.5   
                                                                       (45044.43)   

Ayunda Risu Ch. ho~t                                                     -31953.5*  
                                                                       (18038.56)   

Ayunda Risu Ch. ho~c                                                     457765.7   
                                                                        (4.1e+05)   

Ayunda Risu Ch. ho~s                                                     -25710.1   
                                                                       (16948.74)   

Ayunda Risu Ch. ho~o                                                            0   
                                                                              (.)   

Ayunda Risu Ch. ho~t                                                            0   
                                                                              (.)   

Azura Cecilli.. # ~s                                                       9856.1** 
                                                                        (4053.30)   

Azura Cecilli.. # ~k                                                       3065.9   
                                                                        (4121.27)   

Azura Cecilli.. # ~i                                                       5570.7   
                                                                        (3649.79)   

Azura Cecilli.. # ~e                                                       1029.6   
                                                                        (4588.79)   

Azura Cecilli.. # ~t                                                     -14493.4** 
                                                                        (7060.49)   

Azura Cecilli.. # ~c                                                    -121698.5** 
                                                                       (56239.19)   

Azura Cecilli.. # ~s                                                      -3754.6   
                                                                        (3599.97)   

Azura Cecilli.. # ~o                                                      -1530.7   
                                                                        (5973.02)   

Azura Cecilli.. # ~t                                                       6751.1*  
                                                                        (3527.47)   

Bonnivier Pranaja ~                                                        2184.7   
                                                                        (3064.38)   

Bonnivier Pranaja ~                                                       -4836.6   
                                                                        (3332.77)   

Bonnivier Pranaja ~                                                             0   
                                                                              (.)   

Bonnivier Pranaja ~                                                             0   
                                                                              (.)   

Bonnivier Pranaja ~                                                      -19019.2***
                                                                        (6894.10)   

Bonnivier Pranaja ~                                                     -108909.6*  
                                                                       (58754.16)   

Bonnivier Pranaja ~                                                       -9767.3***
                                                                        (3459.83)   

Bonnivier Pranaja ~                                                        1174.1   
                                                                        (6808.94)   

Bonnivier Pranaja ~                                                         859.0   
                                                                        (2643.51)   

Derem Kado 【にじ~#                                                       4651.2   
                                                                        (2879.43)   

Derem Kado 【にじ~#                                                      -4658.2   
                                                                        (5540.20)   

Derem Kado 【にじ~#                                                      -4333.1   
                                                                        (3458.37)   

Derem Kado 【にじ~#                                                        824.4   
                                                                        (3186.20)   

Derem Kado 【にじ~#                                                     -17281.4** 
                                                                        (6790.97)   

Derem Kado 【にじ~#                                                    -130709.1** 
                                                                       (56217.83)   

Derem Kado 【にじ~#                                                      -8929.5***
                                                                        (2955.70)   

Derem Kado 【にじ~#                                                      -5337.3   
                                                                        (5609.49)   

Derem Kado 【にじ~#                                                            0   
                                                                              (.)   

Etna Crimson【NIJI~                                                        7239.4***
                                                                        (2710.56)   

Etna Crimson【NIJI~                                                         746.4   
                                                                        (3090.26)   

Etna Crimson【NIJI~                                                         603.9   
                                                                        (2904.31)   

Etna Crimson【NIJI~                                                       -3419.6   
                                                                        (2875.54)   

Etna Crimson【NIJI~                                                      -16167.2** 
                                                                        (6666.68)   

Etna Crimson【NIJI~                                                     -134764.7** 
                                                                       (56104.08)   

Etna Crimson【NIJI~                                                       -6298.5** 
                                                                        (2742.52)   

Etna Crimson【NIJI~                                                       -4471.6   
                                                                        (5471.16)   

Etna Crimson【NIJI~                                                        2360.6*  
                                                                        (1298.43)   

Hana Macchia ..【N~s                                                       9706.6   
                                                                        (6692.50)   

Hana Macchia ..【N~k                                                       -468.6   
                                                                        (7031.46)   

Hana Macchia ..【N~k                                                       9664.0   
                                                                        (6512.58)   

Hana Macchia ..【N~e                                                      -7243.3   
                                                                        (7185.40)   

Hana Macchia ..【N~t                                                     -23476.7***
                                                                        (9034.46)   

Hana Macchia ..【N~c                                                     -63490.5   
                                                                       (65178.91)   

Hana Macchia ..【N~s                                                      -4594.2   
                                                                        (6374.01)   

Hana Macchia ..【N~o                                                     -10523.5   
                                                                        (7743.98)   

Hana Macchia ..【N~t                                                       4161.6   
                                                                        (9478.52)   

Hyona Elatiora【N~じ                                                            0   
                                                                              (.)   

Hyona Elatiora【N~じ                                                       -857.8   
                                                                        (3891.17)   

Hyona Elatiora【N~じ                                                      -1894.7   
                                                                        (4129.13)   

Hyona Elatiora【N~じ                                                      -6508.9   
                                                                        (4667.20)   

Hyona Elatiora【N~じ                                                     -20552.9***
                                                                        (7076.06)   

Hyona Elatiora【N~じ                                                    -148505.1***
                                                                       (56057.39)   

Hyona Elatiora【N~じ                                                     -10561.6***
                                                                        (3540.06)   

Hyona Elatiora【N~じ                                                      -8114.6   
                                                                        (6177.93)   

Hyona Elatiora【N~じ                                                            0   
                                                                              (.)   

Kaela Kovalsk.. ho~s                                                            0   
                                                                              (.)   

Kaela Kovalsk.. ho~k                                                     -17386.9** 
                                                                        (6798.60)   

Kaela Kovalsk.. ho~i                                                            0   
                                                                              (.)   

Kaela Kovalsk.. ho~e                                                            0   
                                                                              (.)   

Kaela Kovalsk.. ho~t                                                      14490.0   
                                                                       (10295.23)   

Kaela Kovalsk.. ho~c                                                            0   
                                                                              (.)   

Kaela Kovalsk.. ho~s                                                            0   
                                                                              (.)   

Kaela Kovalsk.. ho~o                                                            0   
                                                                              (.)   

Kaela Kovalsk.. ho~t                                                            0   
                                                                              (.)   

Kevin Vangardo【MA~y                                                            0   
                                                                              (.)   

Kevin Vangardo【MA~k                                                       5321.3*  
                                                                        (3041.87)   

Kevin Vangardo【MA~/                                                       6044.1***
                                                                        (1534.34)   

Kevin Vangardo【MA~e                                                      -1275.9   
                                                                        (2767.55)   

Kevin Vangardo【MA~f                                                     -12429.7*  
                                                                        (7067.36)   

Kevin Vangardo【MA~c                                                    -144968.6***
                                                                       (55969.07)   

Kevin Vangardo【MA~s                                                      -3474.1   
                                                                        (4149.91)   

Kevin Vangardo【MA~o                                                            0   
                                                                              (.)   

Kevin Vangardo【MA~t                                                       7133.1***
                                                                        (1683.82)   

Kobo Kanaeru .. ho~s                                                            0   
                                                                              (.)   

Kobo Kanaeru .. ho~k                                                      48014.2** 
                                                                       (19522.17)   

Kobo Kanaeru .. ho~i                                                            0   
                                                                              (.)   

Kobo Kanaeru .. ho~e                                                     262362.9** 
                                                                        (1.3e+05)   

Kobo Kanaeru .. ho~t                                                     101890.5   
                                                                       (70369.22)   

Kobo Kanaeru .. ho~c                                                    1198783.0   
                                                                        (9.3e+05)   

Kobo Kanaeru .. ho~s                                                      98947.1***
                                                                       (24375.13)   

Kobo Kanaeru .. ho~o                                                            0   
                                                                              (.)   

Kobo Kanaeru .. ho~t                                                     166106.8***
                                                                       (31864.13)   

Kureiji Ollie.. ho~s                                                      -2669.2   
                                                                        (4704.79)   

Kureiji Ollie.. ho~k                                                      -9261.5   
                                                                        (8909.76)   

Kureiji Ollie.. ho~i                                                            0   
                                                                              (.)   

Kureiji Ollie.. ho~e                                                     -28812.4** 
                                                                       (12013.22)   

Kureiji Ollie.. ho~t                                                        657.1   
                                                                       (10456.87)   

Kureiji Ollie.. ho~c                                                     162333.7   
                                                                        (2.0e+05)   

Kureiji Ollie.. ho~s                                                       5581.8   
                                                                        (7848.81)   

Kureiji Ollie.. ho~o                                                      33470.2   
                                                                       (28954.36)   

Kureiji Ollie.. ho~t                                                      -1770.6   
                                                                       (17308.15)   

Layla Alstroemeri~に                                                       8156.5** 
                                                                        (3385.42)   

Layla Alstroemeri~に                                                       2543.9   
                                                                        (3644.88)   

Layla Alstroemeri~に                                                       1394.0   
                                                                        (2286.15)   

Layla Alstroemeri~に                                                      -2923.8   
                                                                        (3326.83)   

Layla Alstroemeri~に                                                     -14225.2** 
                                                                        (6923.19)   

Layla Alstroemeri~に                                                    -126174.8** 
                                                                       (56415.54)   

Layla Alstroemeri~に                                                      -6692.1** 
                                                                        (2976.55)   

Layla Alstroemeri~に                                                      -2918.0   
                                                                        (5654.43)   

Layla Alstroemeri~に                                                            0   
                                                                              (.)   

Lumi Celestia【MAH~s                                                       7397.3   
                                                                        (4696.45)   

Lumi Celestia【MAH~k                                                      -4055.4   
                                                                        (5533.22)   

Lumi Celestia【MAH~H                                                      -2289.9   
                                                                        (5366.46)   

Lumi Celestia【MAH~e                                                     -17224.0***
                                                                        (4366.69)   

Lumi Celestia【MAH~t                                                      -9639.0   
                                                                        (9408.56)   

Lumi Celestia【MAH~c                                                     110343.1   
                                                                        (1.1e+05)   

Lumi Celestia【MAH~s                                                            0   
                                                                              (.)   

Lumi Celestia【MAH~o                                                            0   
                                                                              (.)   

Lumi Celestia【MAH~t                                                            0   
                                                                              (.)   

Mika Melatika【NIJ~#                                                       8049.9** 
                                                                        (3610.16)   

Mika Melatika【NIJ~#                                                      15077.9** 
                                                                        (6521.60)   

Mika Melatika【NIJ~#                                                       3049.8   
                                                                        (6385.41)   

Mika Melatika【NIJ~#                                                      24400.7***
                                                                        (3971.61)   

Mika Melatika【NIJ~#                                                     -17146.7** 
                                                                        (7846.95)   

Mika Melatika【NIJ~#                                                     -62978.5   
                                                                       (74638.33)   

Mika Melatika【NIJ~#                                                       8026.9   
                                                                        (5906.57)   

Mika Melatika【NIJ~#                                                      13838.4   
                                                                       (16502.14)   

Mika Melatika【NIJ~#                                                            0   
                                                                              (.)   

Miyu Ottavia 【NI~】                                                       7707.1***
                                                                        (2701.71)   

Miyu Ottavia 【NI~】                                                        409.3   
                                                                        (3191.35)   

Miyu Ottavia 【NI~】                                                       3999.3   
                                                                        (2472.73)   

Miyu Ottavia 【NI~】                                                      -2622.7   
                                                                        (3024.91)   

Miyu Ottavia 【NI~】                                                     -15824.0*  
                                                                        (8143.12)   

Miyu Ottavia 【NI~】                                                     -58223.5   
                                                                       (65192.33)   

Miyu Ottavia 【NI~】                                                      -6239.3** 
                                                                        (2969.88)   

Miyu Ottavia 【NI~】                                                      -4815.3   
                                                                        (5371.23)   

Miyu Ottavia 【NI~】                                                       2237.5   
                                                                        (1726.63)   

Moona Hoshinova ho~a                                                     -28445.9** 
                                                                       (11742.32)   

Moona Hoshinova ho~r                                                       9332.1   
                                                                       (13190.72)   

Moona Hoshinova ho~e                                                            0   
                                                                              (.)   

Moona Hoshinova ho~a                                                      15183.3   
                                                                       (13612.23)   

Moona Hoshinova ho~i                                                      65681.9***
                                                                       (15002.91)   

Moona Hoshinova ho~u                                                     937843.4***
                                                                        (3.5e+05)   

Moona Hoshinova ho~t                                                        407.1   
                                                                       (11948.86)   

Moona Hoshinova ho~h                                                      48138.8***
                                                                       (11739.65)   

Moona Hoshinova ho~a                                                     -49187.9***
                                                                       (10603.64)   

NANARIKA Channel #~s                                                            0   
                                                                              (.)   

NANARIKA Channel #~k                                                            0   
                                                                              (.)   

NANARIKA Channel #~a                                                            0   
                                                                              (.)   

NANARIKA Channel #~e                                                            0   
                                                                              (.)   

NANARIKA Channel #~t                                                            0   
                                                                              (.)   

NANARIKA Channel #~c                                                            0   
                                                                              (.)   

NANARIKA Channel #~s                                                            0   
                                                                              (.)   

NANARIKA Channel #~o                                                            0   
                                                                              (.)   

NANARIKA Channel #~t                                                            0   
                                                                              (.)   

Nagisa Arcinia【NI~                                                        7336.0***
                                                                        (2599.92)   

Nagisa Arcinia【NI~                                                      -13445.3   
                                                                       (14278.28)   

Nagisa Arcinia【NI~                                                             0   
                                                                              (.)   

Nagisa Arcinia【NI~                                                       -6118.2*  
                                                                        (3208.65)   

Nagisa Arcinia【NI~                                                      -16872.5** 
                                                                        (6649.65)   

Nagisa Arcinia【NI~                                                     -136439.8** 
                                                                       (56489.07)   

Nagisa Arcinia【NI~                                                       -7692.6***
                                                                        (2796.27)   

Nagisa Arcinia【NI~                                                       -6021.4   
                                                                        (5826.55)   

Nagisa Arcinia【NI~                                                        3475.8** 
                                                                        (1689.50)   

Nara Haramaung【 ~ん                                                       7593.7***
                                                                        (2635.41)   

Nara Haramaung【 ~ん                                                       2743.3   
                                                                        (3165.59)   

Nara Haramaung【 ~ん                                                            0   
                                                                              (.)   

Nara Haramaung【 ~ん                                                      -2164.2   
                                                                        (3604.13)   

Nara Haramaung【 ~ん                                                     -14871.7** 
                                                                        (6692.60)   

Nara Haramaung【 ~ん                                                    -129894.2** 
                                                                       (57881.35)   

Nara Haramaung【 ~ん                                                      -4306.3   
                                                                        (3153.55)   

Nara Haramaung【 ~ん                                                      -4871.8   
                                                                        (5400.23)   

Nara Haramaung【 ~ん                                                       4120.0** 
                                                                        (1734.00)   

Nia Redalion【MAHA~s                                                       2898.6   
                                                                        (2895.92)   

Nia Redalion【MAHA~k                                                       2974.4   
                                                                        (3345.47)   

Nia Redalion【MAHA~o                                                       1580.1   
                                                                        (3295.20)   

Nia Redalion【MAHA~e                                                      -3664.9   
                                                                        (3054.31)   

Nia Redalion【MAHA~t                                                     -11521.1   
                                                                        (7339.80)   

Nia Redalion【MAHA~c                                                      29207.1   
                                                                        (1.0e+05)   

Nia Redalion【MAHA~s                                                            0   
                                                                              (.)   

Nia Redalion【MAHA~o                                                            0   
                                                                              (.)   

Nia Redalion【MAHA~t                                                            0   
                                                                              (.)   

Pavolia Reine.. ho~s                                                      10645.5   
                                                                        (7613.38)   

Pavolia Reine.. ho~k                                                      -7522.5   
                                                                        (5184.38)   

Pavolia Reine.. ho~i                                                            0   
                                                                              (.)   

Pavolia Reine.. ho~e                                                      18571.2*  
                                                                       (10817.68)   

Pavolia Reine.. ho~t                                                       -487.3   
                                                                        (7788.63)   

Pavolia Reine.. ho~c                                                     332929.5   
                                                                        (2.2e+05)   

Pavolia Reine.. ho~s                                                      -5007.5   
                                                                        (4106.63)   

Pavolia Reine.. ho~o                                                       7455.5   
                                                                       (12597.97)   

Pavolia Reine.. ho~t                                                            0   
                                                                              (.)   

Rai Galilei【NIJIS~#                                                            0   
                                                                              (.)   

Rai Galilei【NIJIS~#                                                       -20.77   
                                                                        (3105.55)   

Rai Galilei【NIJIS~#                                                            0   
                                                                              (.)   

Rai Galilei【NIJIS~#                                                       1065.6   
                                                                        (2893.34)   

Rai Galilei【NIJIS~#                                                     -16967.0** 
                                                                        (6871.62)   

Rai Galilei【NIJIS~#                                                     -95651.7   
                                                                       (60388.00)   

Rai Galilei【NIJIS~#                                                      -7581.9** 
                                                                        (2979.86)   

Rai Galilei【NIJIS~#                                                      -2693.9   
                                                                        (5471.70)   

Rai Galilei【NIJIS~#                                                       1749.7   
                                                                        (1964.62)   

Rena Anggraeni【MA~y                                                            0   
                                                                              (.)   

Rena Anggraeni【MA~k                                                            0   
                                                                              (.)   

Rena Anggraeni【MA~/                                                            0   
                                                                              (.)   

Rena Anggraeni【MA~e                                                      -8315.7***
                                                                        (3054.77)   

Rena Anggraeni【MA~f                                                            0   
                                                                              (.)   

Rena Anggraeni【MA~c                                                            0   
                                                                              (.)   

Rena Anggraeni【MA~s                                                     -12883.9** 
                                                                        (5440.07)   

Rena Anggraeni【MA~o                                                            0   
                                                                              (.)   

Rena Anggraeni【MA~t                                                            0   
                                                                              (.)   

Reza Avanluna 【N~じ                                                       7433.1***
                                                                        (2507.68)   

Reza Avanluna 【N~じ                                                       1148.3   
                                                                        (3065.87)   

Reza Avanluna 【N~じ                                                      -1086.5   
                                                                        (2947.62)   

Reza Avanluna 【N~じ                                                       4133.2   
                                                                        (2924.68)   

Reza Avanluna 【N~じ                                                     -15912.0** 
                                                                        (6675.57)   

Reza Avanluna 【N~じ                                                    -141385.7** 
                                                                       (56051.00)   

Reza Avanluna 【N~じ                                                      -4592.2*  
                                                                        (2678.52)   

Reza Avanluna 【N~じ                                                      -4867.0   
                                                                        (5683.24)   

Reza Avanluna 【N~じ                                                       3437.5*  
                                                                        (1868.25)   

Riksa Dhirendra【N~l                                                      14580.5***
                                                                        (4508.37)   

Riksa Dhirendra【N~e                                                       5470.2   
                                                                        (4315.36)   

Riksa Dhirendra【N~n                                                       5442.7*  
                                                                        (3231.63)   

Riksa Dhirendra【N~r                                                       3724.4   
                                                                        (3454.32)   

Riksa Dhirendra【N~n                                                     -12141.1*  
                                                                        (7175.40)   

Riksa Dhirendra【N~s                                                     -88501.1   
                                                                       (69614.47)   

Riksa Dhirendra【N~h                                                      -2770.6   
                                                                        (3617.68)   

Riksa Dhirendra【N~a                                                       2143.5   
                                                                        (6168.21)   

Riksa Dhirendra【N~l                                                       2546.4   
                                                                        (2689.90)   

Siska Leontyne 【~ん                                                       3460.8   
                                                                        (3264.77)   

Siska Leontyne 【~ん                                                       2668.5   
                                                                        (3215.19)   

Siska Leontyne 【~ん                                                      -1127.4   
                                                                        (2712.28)   

Siska Leontyne 【~ん                                                      -7269.3*  
                                                                        (3777.65)   

Siska Leontyne 【~ん                                                     -16699.3** 
                                                                        (6708.79)   

Siska Leontyne 【~ん                                                     -86934.4   
                                                                       (61542.34)   

Siska Leontyne 【~ん                                                      -5517.6** 
                                                                        (2763.50)   

Siska Leontyne 【~ん                                                      -3465.8   
                                                                        (5532.17)   

Siska Leontyne 【~ん                                                      -1674.1   
                                                                        (1856.54)   

Taka Radjiman【NI~】                                                      11422.3***
                                                                        (2829.08)   

Taka Radjiman【NI~】                                                       2133.3   
                                                                        (3510.34)   

Taka Radjiman【NI~】                                                       2985.0   
                                                                        (1997.55)   

Taka Radjiman【NI~】                                                      12272.3   
                                                                       (11383.02)   

Taka Radjiman【NI~】                                                     -13513.8** 
                                                                        (6840.83)   

Taka Radjiman【NI~】                                                     -63878.3   
                                                                       (59376.84)   

Taka Radjiman【NI~】                                                      -5356.1** 
                                                                        (2634.57)   

Taka Radjiman【NI~】                                                       8109.5   
                                                                        (7111.40)   

Taka Radjiman【NI~】                                                       7451.1***
                                                                        (2298.45)   

Vestia Zeta Ch. ho~s                                                            0   
                                                                              (.)   

Vestia Zeta Ch. ho~k                                                            0   
                                                                              (.)   

Vestia Zeta Ch. ho~i                                                            0   
                                                                              (.)   

Vestia Zeta Ch. ho~e                                                       -858.3   
                                                                       (45067.40)   

Vestia Zeta Ch. ho~t                                                     -58892.0   
                                                                       (45656.46)   

Vestia Zeta Ch. ho~c                                                     490308.6***
                                                                       (71809.82)   

Vestia Zeta Ch. ho~s                                                     -64632.2   
                                                                       (45898.56)   

Vestia Zeta Ch. ho~o                                                            0   
                                                                              (.)   

Vestia Zeta Ch. ho~t                                                     -15441.2   
                                                                       (59085.95)   

Xia Ekavira【NIJIS~#                                                            0   
                                                                              (.)   

Xia Ekavira【NIJIS~#                                                       9616.3***
                                                                        (3136.56)   

Xia Ekavira【NIJIS~#                                                            0   
                                                                              (.)   

Xia Ekavira【NIJIS~#                                                       5739.8*  
                                                                        (3026.46)   

Xia Ekavira【NIJIS~#                                                      -9533.9   
                                                                        (6639.47)   

Xia Ekavira【NIJIS~#                                                    -134091.2** 
                                                                       (56238.46)   

Xia Ekavira【NIJIS~#                                                            0   
                                                                              (.)   

Xia Ekavira【NIJIS~#                                                            0   
                                                                              (.)   

Xia Ekavira【NIJIS~#                                                            0   
                                                                              (.)   

ZEA Cornelia【NIJI~G                                                      10493.1***
                                                                        (2820.80)   

ZEA Cornelia【NIJI~a                                                        148.4   
                                                                        (3083.97)   

ZEA Cornelia【NIJI~i                                                            0   
                                                                              (.)   

ZEA Cornelia【NIJI~k                                                      -1586.9   
                                                                        (3304.61)   

ZEA Cornelia【NIJI~r                                                     -17943.5***
                                                                        (6814.08)   

ZEA Cornelia【NIJI~c                                                     -85286.2   
                                                                       (61148.04)   

ZEA Cornelia【NIJI~s                                                      -7982.0***
                                                                        (2747.59)   

ZEA Cornelia【NIJI~o                                                      -3418.6   
                                                                        (5714.99)   

ZEA Cornelia【NIJI~a                                                            0   
                                                                              (.)   

Zen Gunawan【MAHA5~s                                                            0   
                                                                              (.)   

Zen Gunawan【MAHA5~k                                                            0   
                                                                              (.)   

Zen Gunawan【MAHA5~n                                                            0   
                                                                              (.)   

Zen Gunawan【MAHA5~e                                                            0   
                                                                              (.)   

Zen Gunawan【MAHA5~t                                                            0   
                                                                              (.)   

Zen Gunawan【MAHA5~c                                                            0   
                                                                              (.)   

Zen Gunawan【MAHA5~s                                                            0   
                                                                              (.)   

Zen Gunawan【MAHA5~o                                                            0   
                                                                              (.)   

Zen Gunawan【MAHA5~t                                                            0   
                                                                              (.)   

Constant                  37007.3***      16019.1***      85718.6***      34445.5***
                        (3636.10)       (3423.40)       (5384.63)       (3467.27)   
------------------------------------------------------------------------------------
Observations                10779           10779           10779           10779   
------------------------------------------------------------------------------------
Standard errors in parentheses
* p<0.10, ** p<0.05, *** p<0.01

. est clear

. 
. log close
      name:  <unnamed>
       log:  D:\GitHub\2022-vtuber\data02_processed/log_ols_general.log
  log type:  text
 closed on:  11 Jul 2022, 23:18:32
------------------------------------------------------------------------------------------------------------------
