------------------------------------------------------------------------------------------------------------------
      name:  <unnamed>
       log:  D:\GitHub\2022-vtuber\code02_analysis/results_fe.log
  log type:  text
 opened on:  11 Jul 2022, 13:39:32

. 
. forval x = 1/4{
  2. 
.         esttab modela`x'_fe modelb`x'_fe, star(* 0.10 ** 0.05 *** 0.01) b(%7.2f) se(%7.2f) nobase l
  3. 
. }

----------------------------------------------------
                              (1)             (2)   
                            Views           Views   
----------------------------------------------------
Debut video (dummy)       1.4e+05***      1.4e+05***
                       (46273.76)      (45474.38)   

Days since debut v~o       -12.87**         -4.87   
                           (4.94)         (24.60)   

Days since debut v~)                        -0.01   
                                           (0.02)   

Constant                 29278.94***     28179.61***
                        (1729.62)       (4242.21)   
----------------------------------------------------
Observations                 9547            9547   
----------------------------------------------------
Standard errors in parentheses
* p<0.10, ** p<0.05, *** p<0.01

----------------------------------------------------
                              (1)             (2)   
                            Views           Views   
----------------------------------------------------
Debut video (dummy)       1.4e+05***      1.4e+05***
                       (46273.76)      (45474.38)   

Days since debut v~o       -12.87**         -4.87   
                           (4.94)         (24.60)   

Female (dummy)               0.00            0.00   
                              (.)             (.)   

Days since debut v~)                        -0.01   
                                           (0.02)   

Constant                 29278.94***     28179.61***
                        (1729.62)       (4242.21)   
----------------------------------------------------
Observations                 9547            9547   
----------------------------------------------------
Standard errors in parentheses
* p<0.10, ** p<0.05, *** p<0.01

----------------------------------------------------
                              (1)             (2)   
                            Views           Views   
----------------------------------------------------
Debut video (dummy)       1.4e+05***      1.4e+05***
                       (46273.76)      (45474.38)   

Days since debut v~o       -12.87**         -4.87   
                           (4.94)         (24.60)   

Female (dummy)               0.00            0.00   
                              (.)             (.)   

MAHA5                        0.00            0.00   
                              (.)             (.)   

NIJISANJI ID                 0.00            0.00   
                              (.)             (.)   

Days since debut v~)                        -0.01   
                                           (0.02)   

Constant                 29278.94***     28179.61***
                        (1729.62)       (4242.21)   
----------------------------------------------------
Observations                 9547            9547   
----------------------------------------------------
Standard errors in parentheses
* p<0.10, ** p<0.05, *** p<0.01

----------------------------------------------------
                              (1)             (2)   
                            Views           Views   
----------------------------------------------------
Debut video (dummy)       1.4e+05***      1.4e+05***
                       (46532.54)      (45653.82)   

Days since debut v~o       -11.22**        -12.14   
                           (5.04)         (25.29)   

Female (dummy)               0.00            0.00   
                              (.)             (.)   

MAHA5                        0.00            0.00   
                              (.)             (.)   

NIJISANJI ID                 0.00            0.00   
                              (.)             (.)   

Apex                     -1.7e+05***     -1.7e+05***
                       (43068.56)      (43059.75)   

Fall Guys                -1.7e+05***     -1.7e+05***
                       (43958.17)      (43973.61)   

Freetalk                 -1.7e+05***     -1.7e+05***
                       (44248.94)      (44277.75)   

Genshin/Honkai           -1.6e+05***     -1.6e+05***
                       (42264.83)      (42377.08)   

Karaoke                  -1.6e+05***     -1.6e+05***
                       (42789.47)      (42901.47)   

Minecraft                -1.6e+05***     -1.6e+05***
                       (40560.24)      (40669.54)   

Others                   -1.6e+05***     -1.6e+05***
                       (43716.42)      (43773.78)   

Phasmo                   -1.6e+05***     -1.6e+05***
                       (42263.47)      (42333.45)   

Valorant                 -1.6e+05***     -1.6e+05***
                       (42975.85)      (43084.66)   

Days since debut v~)                         0.00   
                                           (0.03)   

Constant                  1.9e+05***      1.9e+05***
                       (43370.68)      (44079.80)   
----------------------------------------------------
Observations                 9547            9547   
----------------------------------------------------
Standard errors in parentheses
* p<0.10, ** p<0.05, *** p<0.01

. log close
      name:  <unnamed>
       log:  D:\GitHub\2022-vtuber\code02_analysis/results_fe.log
  log type:  text
 closed on:  11 Jul 2022, 13:39:32
------------------------------------------------------------------------------------------------------------------
